DEB [20181105-18:23:09.972] thr=1   paramiko.transport: starting thread (client mode): 0x237326a0
DEB [20181105-18:23:09.972] thr=1   paramiko.transport: Local version/idstring: SSH-2.0-paramiko_2.4.2
DEB [20181105-18:23:09.977] thr=1   paramiko.transport: Remote version/idstring: SSH-2.0-OpenSSH_7.2p2 Ubuntu-4ubuntu2.2
INF [20181105-18:23:09.977] thr=1   paramiko.transport: Connected (version 2.0, client OpenSSH_7.2p2)
DEB [20181105-18:23:09.982] thr=1   paramiko.transport: kex algos:['curve25519-sha256@libssh.org', 'ecdh-sha2-nistp256', 'ecdh-sha2-nistp384', 'ecdh-sha2-nistp521', 'diffie-hellman-group-exchange-sha256', 'diffie-hellman-group14-sha1'] server key:['ssh-rsa', 'rsa-sha2-512', 'rsa-sha2-256', 'ecdsa-sha2-nistp256', 'ssh-ed25519'] client encrypt:['chacha20-poly1305@openssh.com', 'aes128-ctr', 'aes192-ctr', 'aes256-ctr', 'aes128-gcm@openssh.com', 'aes256-gcm@openssh.com'] server encrypt:['chacha20-poly1305@openssh.com', 'aes128-ctr', 'aes192-ctr', 'aes256-ctr', 'aes128-gcm@openssh.com', 'aes256-gcm@openssh.com'] client mac:['umac-64-etm@openssh.com', 'umac-128-etm@openssh.com', 'hmac-sha2-256-etm@openssh.com', 'hmac-sha2-512-etm@openssh.com', 'hmac-sha1-etm@openssh.com', 'umac-64@openssh.com', 'umac-128@openssh.com', 'hmac-sha2-256', 'hmac-sha2-512', 'hmac-sha1'] server mac:['umac-64-etm@openssh.com', 'umac-128-etm@openssh.com', 'hmac-sha2-256-etm@openssh.com', 'hmac-sha2-512-etm@openssh.com', 'hmac-sha1-etm@openssh.com', 'umac-64@openssh.com', 'umac-128@openssh.com', 'hmac-sha2-256', 'hmac-sha2-512', 'hmac-sha1'] client compress:['none', 'zlib@openssh.com'] server compress:['none', 'zlib@openssh.com'] client lang:[''] server lang:[''] kex follows?False
DEB [20181105-18:23:09.982] thr=1   paramiko.transport: Kex agreed: ecdh-sha2-nistp256
DEB [20181105-18:23:09.982] thr=1   paramiko.transport: HostKey agreed: ssh-ed25519
DEB [20181105-18:23:09.982] thr=1   paramiko.transport: Cipher agreed: aes128-ctr
DEB [20181105-18:23:09.983] thr=1   paramiko.transport: MAC agreed: hmac-sha2-256
DEB [20181105-18:23:09.983] thr=1   paramiko.transport: Compression agreed: none
DEB [20181105-18:23:10.046] thr=1   paramiko.transport: kex engine KexNistp256 specified hash_algo <built-in function openssl_sha256>
DEB [20181105-18:23:10.046] thr=1   paramiko.transport: Switch to new keys ...
DEB [20181105-18:23:10.047] thr=2   paramiko.transport: Adding ssh-ed25519 host key for 43.4.112.155: b'ce43ccdf65b47743a1aa81a15b965b6d'
DEB [20181105-18:23:10.089] thr=1   paramiko.transport: userauth is OK
INF [20181105-18:23:10.101] thr=1   paramiko.transport: Authentication (password) successful!
DEB [20181105-18:23:10.101] thr=2   paramiko.transport: [chan 0] Max packet in: 32768 bytes
DEB [20181105-18:23:10.172] thr=1   paramiko.transport: Received global request "hostkeys-00@openssh.com"
DEB [20181105-18:23:10.172] thr=1   paramiko.transport: Rejecting "hostkeys-00@openssh.com" global request from server.
DEB [20181105-18:23:10.215] thr=1   paramiko.transport: [chan 0] Max packet out: 32768 bytes
DEB [20181105-18:23:10.215] thr=1   paramiko.transport: Secsh channel 0 opened.
DEB [20181105-18:23:10.219] thr=1   paramiko.transport: [chan 0] Sesch channel 0 request ok
DEB [20181105-18:23:10.221] thr=1   paramiko.transport: [chan 0] EOF received (0)
DEB [20181105-18:23:10.225] thr=1   paramiko.transport: EOF in transport thread
DEB [20181105-18:24:30.850] thr=1   paramiko.transport: starting thread (client mode): 0x3bd626a0
DEB [20181105-18:24:30.851] thr=1   paramiko.transport: Local version/idstring: SSH-2.0-paramiko_2.4.2
DEB [20181105-18:24:30.854] thr=1   paramiko.transport: Remote version/idstring: SSH-2.0-OpenSSH_7.2p2 Ubuntu-4ubuntu2.2
INF [20181105-18:24:30.854] thr=1   paramiko.transport: Connected (version 2.0, client OpenSSH_7.2p2)
DEB [20181105-18:24:30.858] thr=1   paramiko.transport: kex algos:['curve25519-sha256@libssh.org', 'ecdh-sha2-nistp256', 'ecdh-sha2-nistp384', 'ecdh-sha2-nistp521', 'diffie-hellman-group-exchange-sha256', 'diffie-hellman-group14-sha1'] server key:['ssh-rsa', 'rsa-sha2-512', 'rsa-sha2-256', 'ecdsa-sha2-nistp256', 'ssh-ed25519'] client encrypt:['chacha20-poly1305@openssh.com', 'aes128-ctr', 'aes192-ctr', 'aes256-ctr', 'aes128-gcm@openssh.com', 'aes256-gcm@openssh.com'] server encrypt:['chacha20-poly1305@openssh.com', 'aes128-ctr', 'aes192-ctr', 'aes256-ctr', 'aes128-gcm@openssh.com', 'aes256-gcm@openssh.com'] client mac:['umac-64-etm@openssh.com', 'umac-128-etm@openssh.com', 'hmac-sha2-256-etm@openssh.com', 'hmac-sha2-512-etm@openssh.com', 'hmac-sha1-etm@openssh.com', 'umac-64@openssh.com', 'umac-128@openssh.com', 'hmac-sha2-256', 'hmac-sha2-512', 'hmac-sha1'] server mac:['umac-64-etm@openssh.com', 'umac-128-etm@openssh.com', 'hmac-sha2-256-etm@openssh.com', 'hmac-sha2-512-etm@openssh.com', 'hmac-sha1-etm@openssh.com', 'umac-64@openssh.com', 'umac-128@openssh.com', 'hmac-sha2-256', 'hmac-sha2-512', 'hmac-sha1'] client compress:['none', 'zlib@openssh.com'] server compress:['none', 'zlib@openssh.com'] client lang:[''] server lang:[''] kex follows?False
DEB [20181105-18:24:30.858] thr=1   paramiko.transport: Kex agreed: ecdh-sha2-nistp256
DEB [20181105-18:24:30.858] thr=1   paramiko.transport: HostKey agreed: ssh-ed25519
DEB [20181105-18:24:30.858] thr=1   paramiko.transport: Cipher agreed: aes128-ctr
DEB [20181105-18:24:30.858] thr=1   paramiko.transport: MAC agreed: hmac-sha2-256
DEB [20181105-18:24:30.858] thr=1   paramiko.transport: Compression agreed: none
DEB [20181105-18:24:31.142] thr=1   paramiko.transport: kex engine KexNistp256 specified hash_algo <built-in function openssl_sha256>
DEB [20181105-18:24:31.143] thr=1   paramiko.transport: Switch to new keys ...
DEB [20181105-18:24:31.143] thr=2   paramiko.transport: Adding ssh-ed25519 host key for 43.4.112.155: b'ce43ccdf65b47743a1aa81a15b965b6d'
DEB [20181105-18:24:31.188] thr=1   paramiko.transport: userauth is OK
INF [20181105-18:24:31.200] thr=1   paramiko.transport: Authentication (password) successful!
DEB [20181105-18:24:31.201] thr=2   paramiko.transport: [chan 0] Max packet in: 32768 bytes
DEB [20181105-18:24:31.290] thr=1   paramiko.transport: Received global request "hostkeys-00@openssh.com"
DEB [20181105-18:24:31.290] thr=1   paramiko.transport: Rejecting "hostkeys-00@openssh.com" global request from server.
DEB [20181105-18:24:31.333] thr=1   paramiko.transport: [chan 0] Max packet out: 32768 bytes
DEB [20181105-18:24:31.333] thr=1   paramiko.transport: Secsh channel 0 opened.
DEB [20181105-18:24:31.336] thr=1   paramiko.transport: [chan 0] Sesch channel 0 request ok
DEB [20181105-18:24:31.338] thr=1   paramiko.transport: [chan 0] EOF received (0)
DEB [20181105-18:36:46.112] thr=1   paramiko.transport: starting thread (client mode): 0x5b6036d8
DEB [20181105-18:36:46.113] thr=1   paramiko.transport: Local version/idstring: SSH-2.0-paramiko_2.4.2
DEB [20181105-18:36:46.115] thr=1   paramiko.transport: Remote version/idstring: SSH-2.0-OpenSSH_7.2p2 Ubuntu-4ubuntu2.2
INF [20181105-18:36:46.116] thr=1   paramiko.transport: Connected (version 2.0, client OpenSSH_7.2p2)
DEB [20181105-18:36:46.120] thr=1   paramiko.transport: kex algos:['curve25519-sha256@libssh.org', 'ecdh-sha2-nistp256', 'ecdh-sha2-nistp384', 'ecdh-sha2-nistp521', 'diffie-hellman-group-exchange-sha256', 'diffie-hellman-group14-sha1'] server key:['ssh-rsa', 'rsa-sha2-512', 'rsa-sha2-256', 'ecdsa-sha2-nistp256', 'ssh-ed25519'] client encrypt:['chacha20-poly1305@openssh.com', 'aes128-ctr', 'aes192-ctr', 'aes256-ctr', 'aes128-gcm@openssh.com', 'aes256-gcm@openssh.com'] server encrypt:['chacha20-poly1305@openssh.com', 'aes128-ctr', 'aes192-ctr', 'aes256-ctr', 'aes128-gcm@openssh.com', 'aes256-gcm@openssh.com'] client mac:['umac-64-etm@openssh.com', 'umac-128-etm@openssh.com', 'hmac-sha2-256-etm@openssh.com', 'hmac-sha2-512-etm@openssh.com', 'hmac-sha1-etm@openssh.com', 'umac-64@openssh.com', 'umac-128@openssh.com', 'hmac-sha2-256', 'hmac-sha2-512', 'hmac-sha1'] server mac:['umac-64-etm@openssh.com', 'umac-128-etm@openssh.com', 'hmac-sha2-256-etm@openssh.com', 'hmac-sha2-512-etm@openssh.com', 'hmac-sha1-etm@openssh.com', 'umac-64@openssh.com', 'umac-128@openssh.com', 'hmac-sha2-256', 'hmac-sha2-512', 'hmac-sha1'] client compress:['none', 'zlib@openssh.com'] server compress:['none', 'zlib@openssh.com'] client lang:[''] server lang:[''] kex follows?False
DEB [20181105-18:36:46.120] thr=1   paramiko.transport: Kex agreed: ecdh-sha2-nistp256
DEB [20181105-18:36:46.120] thr=1   paramiko.transport: HostKey agreed: ssh-ed25519
DEB [20181105-18:36:46.120] thr=1   paramiko.transport: Cipher agreed: aes128-ctr
DEB [20181105-18:36:46.120] thr=1   paramiko.transport: MAC agreed: hmac-sha2-256
DEB [20181105-18:36:46.120] thr=1   paramiko.transport: Compression agreed: none
DEB [20181105-18:36:46.439] thr=1   paramiko.transport: kex engine KexNistp256 specified hash_algo <built-in function openssl_sha256>
DEB [20181105-18:36:46.439] thr=1   paramiko.transport: Switch to new keys ...
DEB [20181105-18:36:46.439] thr=2   paramiko.transport: Adding ssh-ed25519 host key for 43.4.112.155: b'ce43ccdf65b47743a1aa81a15b965b6d'
DEB [20181105-18:36:46.481] thr=1   paramiko.transport: userauth is OK
INF [20181105-18:36:46.495] thr=1   paramiko.transport: Authentication (password) successful!
DEB [20181105-18:36:46.495] thr=2   paramiko.transport: [chan 0] Max packet in: 32768 bytes
DEB [20181105-18:36:46.586] thr=1   paramiko.transport: Received global request "hostkeys-00@openssh.com"
DEB [20181105-18:36:46.586] thr=1   paramiko.transport: Rejecting "hostkeys-00@openssh.com" global request from server.
DEB [20181105-18:36:46.630] thr=1   paramiko.transport: [chan 0] Max packet out: 32768 bytes
DEB [20181105-18:36:46.630] thr=1   paramiko.transport: Secsh channel 0 opened.
DEB [20181105-18:36:46.636] thr=1   paramiko.transport: [chan 0] Sesch channel 0 request ok
DEB [20181105-18:36:46.640] thr=1   paramiko.transport: [chan 0] EOF received (0)
DEB [20181105-18:36:46.641] thr=1   paramiko.transport: [chan 0] EOF sent (0)
DEB [20181105-18:36:46.641] thr=1   paramiko.transport: Dropping user packet because connection is dead.
DEB [20181105-18:36:46.644] thr=1   paramiko.transport: Dropping user packet because connection is dead.
DEB [20181105-18:36:51.938] thr=3   paramiko.transport: starting thread (client mode): 0x5bcf59b0
DEB [20181105-18:36:51.939] thr=3   paramiko.transport: Local version/idstring: SSH-2.0-paramiko_2.4.2
DEB [20181105-18:36:51.945] thr=3   paramiko.transport: Remote version/idstring: SSH-2.0-OpenSSH_7.2p2 Ubuntu-4ubuntu2.2
INF [20181105-18:36:51.945] thr=3   paramiko.transport: Connected (version 2.0, client OpenSSH_7.2p2)
DEB [20181105-18:36:51.949] thr=3   paramiko.transport: kex algos:['curve25519-sha256@libssh.org', 'ecdh-sha2-nistp256', 'ecdh-sha2-nistp384', 'ecdh-sha2-nistp521', 'diffie-hellman-group-exchange-sha256', 'diffie-hellman-group14-sha1'] server key:['ssh-rsa', 'rsa-sha2-512', 'rsa-sha2-256', 'ecdsa-sha2-nistp256', 'ssh-ed25519'] client encrypt:['chacha20-poly1305@openssh.com', 'aes128-ctr', 'aes192-ctr', 'aes256-ctr', 'aes128-gcm@openssh.com', 'aes256-gcm@openssh.com'] server encrypt:['chacha20-poly1305@openssh.com', 'aes128-ctr', 'aes192-ctr', 'aes256-ctr', 'aes128-gcm@openssh.com', 'aes256-gcm@openssh.com'] client mac:['umac-64-etm@openssh.com', 'umac-128-etm@openssh.com', 'hmac-sha2-256-etm@openssh.com', 'hmac-sha2-512-etm@openssh.com', 'hmac-sha1-etm@openssh.com', 'umac-64@openssh.com', 'umac-128@openssh.com', 'hmac-sha2-256', 'hmac-sha2-512', 'hmac-sha1'] server mac:['umac-64-etm@openssh.com', 'umac-128-etm@openssh.com', 'hmac-sha2-256-etm@openssh.com', 'hmac-sha2-512-etm@openssh.com', 'hmac-sha1-etm@openssh.com', 'umac-64@openssh.com', 'umac-128@openssh.com', 'hmac-sha2-256', 'hmac-sha2-512', 'hmac-sha1'] client compress:['none', 'zlib@openssh.com'] server compress:['none', 'zlib@openssh.com'] client lang:[''] server lang:[''] kex follows?False
DEB [20181105-18:36:51.949] thr=3   paramiko.transport: Kex agreed: ecdh-sha2-nistp256
DEB [20181105-18:36:51.949] thr=3   paramiko.transport: HostKey agreed: ssh-ed25519
DEB [20181105-18:36:51.949] thr=3   paramiko.transport: Cipher agreed: aes128-ctr
DEB [20181105-18:36:51.949] thr=3   paramiko.transport: MAC agreed: hmac-sha2-256
DEB [20181105-18:36:51.949] thr=3   paramiko.transport: Compression agreed: none
DEB [20181105-18:36:51.957] thr=3   paramiko.transport: kex engine KexNistp256 specified hash_algo <built-in function openssl_sha256>
DEB [20181105-18:36:51.958] thr=3   paramiko.transport: Switch to new keys ...
DEB [20181105-18:36:51.958] thr=2   paramiko.transport: Adding ssh-ed25519 host key for 43.4.112.155: b'ce43ccdf65b47743a1aa81a15b965b6d'
DEB [20181105-18:36:52.002] thr=3   paramiko.transport: userauth is OK
INF [20181105-18:36:52.014] thr=3   paramiko.transport: Authentication (password) successful!
DEB [20181105-18:36:52.015] thr=2   paramiko.transport: [chan 0] Max packet in: 32768 bytes
DEB [20181105-18:36:52.123] thr=3   paramiko.transport: Received global request "hostkeys-00@openssh.com"
DEB [20181105-18:36:52.123] thr=3   paramiko.transport: Rejecting "hostkeys-00@openssh.com" global request from server.
DEB [20181105-18:36:52.166] thr=3   paramiko.transport: [chan 0] Max packet out: 32768 bytes
DEB [20181105-18:36:52.166] thr=3   paramiko.transport: Secsh channel 0 opened.
DEB [20181105-18:36:52.172] thr=3   paramiko.transport: [chan 0] Sesch channel 0 request ok
DEB [20181105-18:36:52.176] thr=3   paramiko.transport: [chan 0] EOF received (0)
DEB [20181105-18:37:25.923] thr=1   paramiko.transport: starting thread (client mode): 0x92d746d8
DEB [20181105-18:37:25.923] thr=1   paramiko.transport: Local version/idstring: SSH-2.0-paramiko_2.4.2
DEB [20181105-18:37:25.930] thr=1   paramiko.transport: Remote version/idstring: SSH-2.0-OpenSSH_7.2p2 Ubuntu-4ubuntu2.2
INF [20181105-18:37:25.930] thr=1   paramiko.transport: Connected (version 2.0, client OpenSSH_7.2p2)
DEB [20181105-18:37:25.933] thr=1   paramiko.transport: kex algos:['curve25519-sha256@libssh.org', 'ecdh-sha2-nistp256', 'ecdh-sha2-nistp384', 'ecdh-sha2-nistp521', 'diffie-hellman-group-exchange-sha256', 'diffie-hellman-group14-sha1'] server key:['ssh-rsa', 'rsa-sha2-512', 'rsa-sha2-256', 'ecdsa-sha2-nistp256', 'ssh-ed25519'] client encrypt:['chacha20-poly1305@openssh.com', 'aes128-ctr', 'aes192-ctr', 'aes256-ctr', 'aes128-gcm@openssh.com', 'aes256-gcm@openssh.com'] server encrypt:['chacha20-poly1305@openssh.com', 'aes128-ctr', 'aes192-ctr', 'aes256-ctr', 'aes128-gcm@openssh.com', 'aes256-gcm@openssh.com'] client mac:['umac-64-etm@openssh.com', 'umac-128-etm@openssh.com', 'hmac-sha2-256-etm@openssh.com', 'hmac-sha2-512-etm@openssh.com', 'hmac-sha1-etm@openssh.com', 'umac-64@openssh.com', 'umac-128@openssh.com', 'hmac-sha2-256', 'hmac-sha2-512', 'hmac-sha1'] server mac:['umac-64-etm@openssh.com', 'umac-128-etm@openssh.com', 'hmac-sha2-256-etm@openssh.com', 'hmac-sha2-512-etm@openssh.com', 'hmac-sha1-etm@openssh.com', 'umac-64@openssh.com', 'umac-128@openssh.com', 'hmac-sha2-256', 'hmac-sha2-512', 'hmac-sha1'] client compress:['none', 'zlib@openssh.com'] server compress:['none', 'zlib@openssh.com'] client lang:[''] server lang:[''] kex follows?False
DEB [20181105-18:37:25.933] thr=1   paramiko.transport: Kex agreed: ecdh-sha2-nistp256
DEB [20181105-18:37:25.933] thr=1   paramiko.transport: HostKey agreed: ssh-ed25519
DEB [20181105-18:37:25.933] thr=1   paramiko.transport: Cipher agreed: aes128-ctr
DEB [20181105-18:37:25.933] thr=1   paramiko.transport: MAC agreed: hmac-sha2-256
DEB [20181105-18:37:25.934] thr=1   paramiko.transport: Compression agreed: none
DEB [20181105-18:37:25.998] thr=1   paramiko.transport: kex engine KexNistp256 specified hash_algo <built-in function openssl_sha256>
DEB [20181105-18:37:25.999] thr=1   paramiko.transport: Switch to new keys ...
DEB [20181105-18:37:25.999] thr=2   paramiko.transport: Adding ssh-ed25519 host key for 43.4.112.155: b'ce43ccdf65b47743a1aa81a15b965b6d'
DEB [20181105-18:37:26.042] thr=1   paramiko.transport: userauth is OK
INF [20181105-18:37:26.053] thr=1   paramiko.transport: Authentication (password) successful!
DEB [20181105-18:37:26.054] thr=2   paramiko.transport: [chan 0] Max packet in: 32768 bytes
DEB [20181105-18:37:26.141] thr=1   paramiko.transport: Received global request "hostkeys-00@openssh.com"
DEB [20181105-18:37:26.141] thr=1   paramiko.transport: Rejecting "hostkeys-00@openssh.com" global request from server.
DEB [20181105-18:37:26.184] thr=1   paramiko.transport: [chan 0] Max packet out: 32768 bytes
DEB [20181105-18:37:26.185] thr=1   paramiko.transport: Secsh channel 0 opened.
DEB [20181105-18:37:26.188] thr=1   paramiko.transport: [chan 0] Sesch channel 0 request ok
DEB [20181105-18:37:26.190] thr=1   paramiko.transport: [chan 0] EOF received (0)
DEB [20181105-18:37:26.191] thr=1   paramiko.transport: [chan 0] EOF sent (0)
DEB [20181105-18:37:26.191] thr=1   paramiko.transport: Dropping user packet because connection is dead.
DEB [20181105-18:39:30.253] thr=1   paramiko.transport: starting thread (client mode): 0x31154748
DEB [20181105-18:39:30.253] thr=1   paramiko.transport: Local version/idstring: SSH-2.0-paramiko_2.4.2
DEB [20181105-18:39:30.258] thr=1   paramiko.transport: Remote version/idstring: SSH-2.0-OpenSSH_7.2p2 Ubuntu-4ubuntu2.2
INF [20181105-18:39:30.258] thr=1   paramiko.transport: Connected (version 2.0, client OpenSSH_7.2p2)
DEB [20181105-18:39:30.262] thr=1   paramiko.transport: kex algos:['curve25519-sha256@libssh.org', 'ecdh-sha2-nistp256', 'ecdh-sha2-nistp384', 'ecdh-sha2-nistp521', 'diffie-hellman-group-exchange-sha256', 'diffie-hellman-group14-sha1'] server key:['ssh-rsa', 'rsa-sha2-512', 'rsa-sha2-256', 'ecdsa-sha2-nistp256', 'ssh-ed25519'] client encrypt:['chacha20-poly1305@openssh.com', 'aes128-ctr', 'aes192-ctr', 'aes256-ctr', 'aes128-gcm@openssh.com', 'aes256-gcm@openssh.com'] server encrypt:['chacha20-poly1305@openssh.com', 'aes128-ctr', 'aes192-ctr', 'aes256-ctr', 'aes128-gcm@openssh.com', 'aes256-gcm@openssh.com'] client mac:['umac-64-etm@openssh.com', 'umac-128-etm@openssh.com', 'hmac-sha2-256-etm@openssh.com', 'hmac-sha2-512-etm@openssh.com', 'hmac-sha1-etm@openssh.com', 'umac-64@openssh.com', 'umac-128@openssh.com', 'hmac-sha2-256', 'hmac-sha2-512', 'hmac-sha1'] server mac:['umac-64-etm@openssh.com', 'umac-128-etm@openssh.com', 'hmac-sha2-256-etm@openssh.com', 'hmac-sha2-512-etm@openssh.com', 'hmac-sha1-etm@openssh.com', 'umac-64@openssh.com', 'umac-128@openssh.com', 'hmac-sha2-256', 'hmac-sha2-512', 'hmac-sha1'] client compress:['none', 'zlib@openssh.com'] server compress:['none', 'zlib@openssh.com'] client lang:[''] server lang:[''] kex follows?False
DEB [20181105-18:39:30.262] thr=1   paramiko.transport: Kex agreed: ecdh-sha2-nistp256
DEB [20181105-18:39:30.262] thr=1   paramiko.transport: HostKey agreed: ssh-ed25519
DEB [20181105-18:39:30.262] thr=1   paramiko.transport: Cipher agreed: aes128-ctr
DEB [20181105-18:39:30.262] thr=1   paramiko.transport: MAC agreed: hmac-sha2-256
DEB [20181105-18:39:30.262] thr=1   paramiko.transport: Compression agreed: none
DEB [20181105-18:39:30.328] thr=1   paramiko.transport: kex engine KexNistp256 specified hash_algo <built-in function openssl_sha256>
DEB [20181105-18:39:30.328] thr=1   paramiko.transport: Switch to new keys ...
DEB [20181105-18:39:30.329] thr=2   paramiko.transport: Adding ssh-ed25519 host key for 43.4.112.155: b'ce43ccdf65b47743a1aa81a15b965b6d'
DEB [20181105-18:39:30.371] thr=1   paramiko.transport: userauth is OK
INF [20181105-18:39:30.383] thr=1   paramiko.transport: Authentication (password) successful!
DEB [20181105-18:39:30.383] thr=2   paramiko.transport: [chan 0] Max packet in: 32768 bytes
DEB [20181105-18:39:30.463] thr=1   paramiko.transport: Received global request "hostkeys-00@openssh.com"
DEB [20181105-18:39:30.463] thr=1   paramiko.transport: Rejecting "hostkeys-00@openssh.com" global request from server.
DEB [20181105-18:39:30.507] thr=1   paramiko.transport: [chan 0] Max packet out: 32768 bytes
DEB [20181105-18:39:30.507] thr=1   paramiko.transport: Secsh channel 0 opened.
DEB [20181105-18:39:30.511] thr=1   paramiko.transport: [chan 0] Sesch channel 0 request ok
DEB [20181105-18:39:30.515] thr=1   paramiko.transport: [chan 0] EOF received (0)
DEB [20181105-18:39:30.519] thr=3   paramiko.transport: starting thread (client mode): 0x38265d68
DEB [20181105-18:39:30.520] thr=3   paramiko.transport: Local version/idstring: SSH-2.0-paramiko_2.4.2
DEB [20181105-18:39:30.523] thr=3   paramiko.transport: Remote version/idstring: SSH-2.0-OpenSSH_7.2p2 Ubuntu-4ubuntu2.2
INF [20181105-18:39:30.523] thr=3   paramiko.transport: Connected (version 2.0, client OpenSSH_7.2p2)
DEB [20181105-18:39:30.528] thr=3   paramiko.transport: kex algos:['curve25519-sha256@libssh.org', 'ecdh-sha2-nistp256', 'ecdh-sha2-nistp384', 'ecdh-sha2-nistp521', 'diffie-hellman-group-exchange-sha256', 'diffie-hellman-group14-sha1'] server key:['ssh-rsa', 'rsa-sha2-512', 'rsa-sha2-256', 'ecdsa-sha2-nistp256', 'ssh-ed25519'] client encrypt:['chacha20-poly1305@openssh.com', 'aes128-ctr', 'aes192-ctr', 'aes256-ctr', 'aes128-gcm@openssh.com', 'aes256-gcm@openssh.com'] server encrypt:['chacha20-poly1305@openssh.com', 'aes128-ctr', 'aes192-ctr', 'aes256-ctr', 'aes128-gcm@openssh.com', 'aes256-gcm@openssh.com'] client mac:['umac-64-etm@openssh.com', 'umac-128-etm@openssh.com', 'hmac-sha2-256-etm@openssh.com', 'hmac-sha2-512-etm@openssh.com', 'hmac-sha1-etm@openssh.com', 'umac-64@openssh.com', 'umac-128@openssh.com', 'hmac-sha2-256', 'hmac-sha2-512', 'hmac-sha1'] server mac:['umac-64-etm@openssh.com', 'umac-128-etm@openssh.com', 'hmac-sha2-256-etm@openssh.com', 'hmac-sha2-512-etm@openssh.com', 'hmac-sha1-etm@openssh.com', 'umac-64@openssh.com', 'umac-128@openssh.com', 'hmac-sha2-256', 'hmac-sha2-512', 'hmac-sha1'] client compress:['none', 'zlib@openssh.com'] server compress:['none', 'zlib@openssh.com'] client lang:[''] server lang:[''] kex follows?False
DEB [20181105-18:39:30.528] thr=3   paramiko.transport: Kex agreed: ecdh-sha2-nistp256
DEB [20181105-18:39:30.528] thr=3   paramiko.transport: HostKey agreed: ssh-ed25519
DEB [20181105-18:39:30.528] thr=3   paramiko.transport: Cipher agreed: aes128-ctr
DEB [20181105-18:39:30.529] thr=3   paramiko.transport: MAC agreed: hmac-sha2-256
DEB [20181105-18:39:30.529] thr=3   paramiko.transport: Compression agreed: none
DEB [20181105-18:39:30.535] thr=3   paramiko.transport: kex engine KexNistp256 specified hash_algo <built-in function openssl_sha256>
DEB [20181105-18:39:30.535] thr=3   paramiko.transport: Switch to new keys ...
DEB [20181105-18:39:30.535] thr=2   paramiko.transport: Adding ssh-ed25519 host key for 43.4.112.155: b'ce43ccdf65b47743a1aa81a15b965b6d'
DEB [20181105-18:39:30.578] thr=3   paramiko.transport: userauth is OK
INF [20181105-18:39:30.591] thr=3   paramiko.transport: Authentication (password) successful!
DEB [20181105-18:39:30.592] thr=2   paramiko.transport: [chan 0] Max packet in: 32768 bytes
DEB [20181105-18:39:30.688] thr=3   paramiko.transport: Received global request "hostkeys-00@openssh.com"
DEB [20181105-18:39:30.688] thr=3   paramiko.transport: Rejecting "hostkeys-00@openssh.com" global request from server.
DEB [20181105-18:39:30.731] thr=3   paramiko.transport: [chan 0] Max packet out: 32768 bytes
DEB [20181105-18:39:30.731] thr=3   paramiko.transport: Secsh channel 0 opened.
DEB [20181105-18:39:30.734] thr=3   paramiko.transport: [chan 0] Sesch channel 0 request ok
DEB [20181105-18:39:30.737] thr=3   paramiko.transport: [chan 0] EOF received (0)
DEB [20181105-18:39:30.740] thr=3   paramiko.transport: EOF in transport thread
DEB [20181106-15:49:25.183] thr=1   paramiko.transport: starting thread (client mode): 0x89ca5748
DEB [20181106-15:49:25.184] thr=1   paramiko.transport: Local version/idstring: SSH-2.0-paramiko_2.4.2
DEB [20181106-15:49:25.195] thr=1   paramiko.transport: Remote version/idstring: SSH-2.0-OpenSSH_7.2p2 Ubuntu-4ubuntu2.2
INF [20181106-15:49:25.195] thr=1   paramiko.transport: Connected (version 2.0, client OpenSSH_7.2p2)
DEB [20181106-15:49:25.199] thr=1   paramiko.transport: kex algos:['curve25519-sha256@libssh.org', 'ecdh-sha2-nistp256', 'ecdh-sha2-nistp384', 'ecdh-sha2-nistp521', 'diffie-hellman-group-exchange-sha256', 'diffie-hellman-group14-sha1'] server key:['ssh-rsa', 'rsa-sha2-512', 'rsa-sha2-256', 'ecdsa-sha2-nistp256', 'ssh-ed25519'] client encrypt:['chacha20-poly1305@openssh.com', 'aes128-ctr', 'aes192-ctr', 'aes256-ctr', 'aes128-gcm@openssh.com', 'aes256-gcm@openssh.com'] server encrypt:['chacha20-poly1305@openssh.com', 'aes128-ctr', 'aes192-ctr', 'aes256-ctr', 'aes128-gcm@openssh.com', 'aes256-gcm@openssh.com'] client mac:['umac-64-etm@openssh.com', 'umac-128-etm@openssh.com', 'hmac-sha2-256-etm@openssh.com', 'hmac-sha2-512-etm@openssh.com', 'hmac-sha1-etm@openssh.com', 'umac-64@openssh.com', 'umac-128@openssh.com', 'hmac-sha2-256', 'hmac-sha2-512', 'hmac-sha1'] server mac:['umac-64-etm@openssh.com', 'umac-128-etm@openssh.com', 'hmac-sha2-256-etm@openssh.com', 'hmac-sha2-512-etm@openssh.com', 'hmac-sha1-etm@openssh.com', 'umac-64@openssh.com', 'umac-128@openssh.com', 'hmac-sha2-256', 'hmac-sha2-512', 'hmac-sha1'] client compress:['none', 'zlib@openssh.com'] server compress:['none', 'zlib@openssh.com'] client lang:[''] server lang:[''] kex follows?False
DEB [20181106-15:49:25.199] thr=1   paramiko.transport: Kex agreed: ecdh-sha2-nistp256
DEB [20181106-15:49:25.199] thr=1   paramiko.transport: HostKey agreed: ssh-ed25519
DEB [20181106-15:49:25.199] thr=1   paramiko.transport: Cipher agreed: aes128-ctr
DEB [20181106-15:49:25.199] thr=1   paramiko.transport: MAC agreed: hmac-sha2-256
DEB [20181106-15:49:25.199] thr=1   paramiko.transport: Compression agreed: none
DEB [20181106-15:49:25.757] thr=1   paramiko.transport: kex engine KexNistp256 specified hash_algo <built-in function openssl_sha256>
DEB [20181106-15:49:25.758] thr=1   paramiko.transport: Switch to new keys ...
DEB [20181106-15:49:25.758] thr=2   paramiko.transport: Adding ssh-ed25519 host key for 43.4.112.155: b'ce43ccdf65b47743a1aa81a15b965b6d'
DEB [20181106-15:49:25.800] thr=1   paramiko.transport: userauth is OK
INF [20181106-15:49:25.828] thr=1   paramiko.transport: Authentication (password) successful!
DEB [20181106-15:49:25.828] thr=2   paramiko.transport: [chan 0] Max packet in: 32768 bytes
DEB [20181106-15:49:26.057] thr=1   paramiko.transport: Received global request "hostkeys-00@openssh.com"
DEB [20181106-15:49:26.057] thr=1   paramiko.transport: Rejecting "hostkeys-00@openssh.com" global request from server.
DEB [20181106-15:49:26.099] thr=1   paramiko.transport: [chan 0] Max packet out: 32768 bytes
DEB [20181106-15:49:26.099] thr=1   paramiko.transport: Secsh channel 0 opened.
DEB [20181106-15:49:26.102] thr=1   paramiko.transport: [chan 0] Sesch channel 0 request ok
DEB [20181106-15:49:26.113] thr=1   paramiko.transport: [chan 0] EOF received (0)
DEB [20181106-15:49:26.117] thr=3   paramiko.transport: starting thread (client mode): 0x8a383d68
DEB [20181106-15:49:26.118] thr=3   paramiko.transport: Local version/idstring: SSH-2.0-paramiko_2.4.2
DEB [20181106-15:49:26.123] thr=3   paramiko.transport: Remote version/idstring: SSH-2.0-OpenSSH_7.2p2 Ubuntu-4ubuntu2.2
INF [20181106-15:49:26.124] thr=3   paramiko.transport: Connected (version 2.0, client OpenSSH_7.2p2)
DEB [20181106-15:49:26.127] thr=3   paramiko.transport: kex algos:['curve25519-sha256@libssh.org', 'ecdh-sha2-nistp256', 'ecdh-sha2-nistp384', 'ecdh-sha2-nistp521', 'diffie-hellman-group-exchange-sha256', 'diffie-hellman-group14-sha1'] server key:['ssh-rsa', 'rsa-sha2-512', 'rsa-sha2-256', 'ecdsa-sha2-nistp256', 'ssh-ed25519'] client encrypt:['chacha20-poly1305@openssh.com', 'aes128-ctr', 'aes192-ctr', 'aes256-ctr', 'aes128-gcm@openssh.com', 'aes256-gcm@openssh.com'] server encrypt:['chacha20-poly1305@openssh.com', 'aes128-ctr', 'aes192-ctr', 'aes256-ctr', 'aes128-gcm@openssh.com', 'aes256-gcm@openssh.com'] client mac:['umac-64-etm@openssh.com', 'umac-128-etm@openssh.com', 'hmac-sha2-256-etm@openssh.com', 'hmac-sha2-512-etm@openssh.com', 'hmac-sha1-etm@openssh.com', 'umac-64@openssh.com', 'umac-128@openssh.com', 'hmac-sha2-256', 'hmac-sha2-512', 'hmac-sha1'] server mac:['umac-64-etm@openssh.com', 'umac-128-etm@openssh.com', 'hmac-sha2-256-etm@openssh.com', 'hmac-sha2-512-etm@openssh.com', 'hmac-sha1-etm@openssh.com', 'umac-64@openssh.com', 'umac-128@openssh.com', 'hmac-sha2-256', 'hmac-sha2-512', 'hmac-sha1'] client compress:['none', 'zlib@openssh.com'] server compress:['none', 'zlib@openssh.com'] client lang:[''] server lang:[''] kex follows?False
DEB [20181106-15:49:26.128] thr=3   paramiko.transport: Kex agreed: ecdh-sha2-nistp256
DEB [20181106-15:49:26.128] thr=3   paramiko.transport: HostKey agreed: ssh-ed25519
DEB [20181106-15:49:26.128] thr=3   paramiko.transport: Cipher agreed: aes128-ctr
DEB [20181106-15:49:26.128] thr=3   paramiko.transport: MAC agreed: hmac-sha2-256
DEB [20181106-15:49:26.128] thr=3   paramiko.transport: Compression agreed: none
DEB [20181106-15:49:26.134] thr=3   paramiko.transport: kex engine KexNistp256 specified hash_algo <built-in function openssl_sha256>
DEB [20181106-15:49:26.134] thr=3   paramiko.transport: Switch to new keys ...
DEB [20181106-15:49:26.135] thr=2   paramiko.transport: Adding ssh-ed25519 host key for 43.4.112.155: b'ce43ccdf65b47743a1aa81a15b965b6d'
DEB [20181106-15:49:26.177] thr=3   paramiko.transport: userauth is OK
INF [20181106-15:49:26.205] thr=3   paramiko.transport: Authentication (password) successful!
DEB [20181106-15:49:26.206] thr=2   paramiko.transport: [chan 0] Max packet in: 32768 bytes
DEB [20181106-15:49:26.365] thr=3   paramiko.transport: Received global request "hostkeys-00@openssh.com"
DEB [20181106-15:49:26.365] thr=3   paramiko.transport: Rejecting "hostkeys-00@openssh.com" global request from server.
DEB [20181106-15:49:26.408] thr=3   paramiko.transport: [chan 0] Max packet out: 32768 bytes
DEB [20181106-15:49:26.408] thr=3   paramiko.transport: Secsh channel 0 opened.
DEB [20181106-15:49:26.411] thr=3   paramiko.transport: [chan 0] Sesch channel 0 request ok
DEB [20181106-15:49:26.425] thr=3   paramiko.transport: [chan 0] EOF received (0)
DEB [20181106-15:49:34.089] thr=4   paramiko.transport: starting thread (client mode): 0x8a3b5d30
DEB [20181106-15:49:34.089] thr=4   paramiko.transport: Local version/idstring: SSH-2.0-paramiko_2.4.2
DEB [20181106-15:49:34.101] thr=4   paramiko.transport: Remote version/idstring: SSH-2.0-OpenSSH_7.2p2 Ubuntu-4ubuntu2.2
INF [20181106-15:49:34.101] thr=4   paramiko.transport: Connected (version 2.0, client OpenSSH_7.2p2)
DEB [20181106-15:49:34.105] thr=4   paramiko.transport: kex algos:['curve25519-sha256@libssh.org', 'ecdh-sha2-nistp256', 'ecdh-sha2-nistp384', 'ecdh-sha2-nistp521', 'diffie-hellman-group-exchange-sha256', 'diffie-hellman-group14-sha1'] server key:['ssh-rsa', 'rsa-sha2-512', 'rsa-sha2-256', 'ecdsa-sha2-nistp256', 'ssh-ed25519'] client encrypt:['chacha20-poly1305@openssh.com', 'aes128-ctr', 'aes192-ctr', 'aes256-ctr', 'aes128-gcm@openssh.com', 'aes256-gcm@openssh.com'] server encrypt:['chacha20-poly1305@openssh.com', 'aes128-ctr', 'aes192-ctr', 'aes256-ctr', 'aes128-gcm@openssh.com', 'aes256-gcm@openssh.com'] client mac:['umac-64-etm@openssh.com', 'umac-128-etm@openssh.com', 'hmac-sha2-256-etm@openssh.com', 'hmac-sha2-512-etm@openssh.com', 'hmac-sha1-etm@openssh.com', 'umac-64@openssh.com', 'umac-128@openssh.com', 'hmac-sha2-256', 'hmac-sha2-512', 'hmac-sha1'] server mac:['umac-64-etm@openssh.com', 'umac-128-etm@openssh.com', 'hmac-sha2-256-etm@openssh.com', 'hmac-sha2-512-etm@openssh.com', 'hmac-sha1-etm@openssh.com', 'umac-64@openssh.com', 'umac-128@openssh.com', 'hmac-sha2-256', 'hmac-sha2-512', 'hmac-sha1'] client compress:['none', 'zlib@openssh.com'] server compress:['none', 'zlib@openssh.com'] client lang:[''] server lang:[''] kex follows?False
DEB [20181106-15:49:34.105] thr=4   paramiko.transport: Kex agreed: ecdh-sha2-nistp256
DEB [20181106-15:49:34.105] thr=4   paramiko.transport: HostKey agreed: ssh-ed25519
DEB [20181106-15:49:34.105] thr=4   paramiko.transport: Cipher agreed: aes128-ctr
DEB [20181106-15:49:34.105] thr=4   paramiko.transport: MAC agreed: hmac-sha2-256
DEB [20181106-15:49:34.105] thr=4   paramiko.transport: Compression agreed: none
DEB [20181106-15:49:34.115] thr=4   paramiko.transport: kex engine KexNistp256 specified hash_algo <built-in function openssl_sha256>
DEB [20181106-15:49:34.115] thr=4   paramiko.transport: Switch to new keys ...
DEB [20181106-15:49:34.116] thr=2   paramiko.transport: Adding ssh-ed25519 host key for 43.4.112.155: b'ce43ccdf65b47743a1aa81a15b965b6d'
DEB [20181106-15:49:34.157] thr=4   paramiko.transport: userauth is OK
INF [20181106-15:49:34.186] thr=4   paramiko.transport: Authentication (password) successful!
DEB [20181106-15:49:34.188] thr=2   paramiko.transport: [chan 0] Max packet in: 32768 bytes
DEB [20181106-15:49:34.322] thr=4   paramiko.transport: Received global request "hostkeys-00@openssh.com"
DEB [20181106-15:49:34.322] thr=4   paramiko.transport: Rejecting "hostkeys-00@openssh.com" global request from server.
DEB [20181106-15:49:34.366] thr=4   paramiko.transport: [chan 0] Max packet out: 32768 bytes
DEB [20181106-15:49:34.366] thr=4   paramiko.transport: Secsh channel 0 opened.
DEB [20181106-15:49:34.369] thr=4   paramiko.transport: [chan 0] Sesch channel 0 request ok
DEB [20181106-15:49:34.372] thr=4   paramiko.transport: [chan 0] EOF received (0)
DEB [20181106-15:49:34.376] thr=5   paramiko.transport: starting thread (client mode): 0x8a3b5be0
DEB [20181106-15:49:34.376] thr=5   paramiko.transport: Local version/idstring: SSH-2.0-paramiko_2.4.2
DEB [20181106-15:49:34.381] thr=5   paramiko.transport: Remote version/idstring: SSH-2.0-OpenSSH_7.2p2 Ubuntu-4ubuntu2.2
INF [20181106-15:49:34.381] thr=5   paramiko.transport: Connected (version 2.0, client OpenSSH_7.2p2)
DEB [20181106-15:49:34.386] thr=5   paramiko.transport: kex algos:['curve25519-sha256@libssh.org', 'ecdh-sha2-nistp256', 'ecdh-sha2-nistp384', 'ecdh-sha2-nistp521', 'diffie-hellman-group-exchange-sha256', 'diffie-hellman-group14-sha1'] server key:['ssh-rsa', 'rsa-sha2-512', 'rsa-sha2-256', 'ecdsa-sha2-nistp256', 'ssh-ed25519'] client encrypt:['chacha20-poly1305@openssh.com', 'aes128-ctr', 'aes192-ctr', 'aes256-ctr', 'aes128-gcm@openssh.com', 'aes256-gcm@openssh.com'] server encrypt:['chacha20-poly1305@openssh.com', 'aes128-ctr', 'aes192-ctr', 'aes256-ctr', 'aes128-gcm@openssh.com', 'aes256-gcm@openssh.com'] client mac:['umac-64-etm@openssh.com', 'umac-128-etm@openssh.com', 'hmac-sha2-256-etm@openssh.com', 'hmac-sha2-512-etm@openssh.com', 'hmac-sha1-etm@openssh.com', 'umac-64@openssh.com', 'umac-128@openssh.com', 'hmac-sha2-256', 'hmac-sha2-512', 'hmac-sha1'] server mac:['umac-64-etm@openssh.com', 'umac-128-etm@openssh.com', 'hmac-sha2-256-etm@openssh.com', 'hmac-sha2-512-etm@openssh.com', 'hmac-sha1-etm@openssh.com', 'umac-64@openssh.com', 'umac-128@openssh.com', 'hmac-sha2-256', 'hmac-sha2-512', 'hmac-sha1'] client compress:['none', 'zlib@openssh.com'] server compress:['none', 'zlib@openssh.com'] client lang:[''] server lang:[''] kex follows?False
DEB [20181106-15:49:34.386] thr=5   paramiko.transport: Kex agreed: ecdh-sha2-nistp256
DEB [20181106-15:49:34.386] thr=5   paramiko.transport: HostKey agreed: ssh-ed25519
DEB [20181106-15:49:34.386] thr=5   paramiko.transport: Cipher agreed: aes128-ctr
DEB [20181106-15:49:34.386] thr=5   paramiko.transport: MAC agreed: hmac-sha2-256
DEB [20181106-15:49:34.386] thr=5   paramiko.transport: Compression agreed: none
DEB [20181106-15:49:34.393] thr=5   paramiko.transport: kex engine KexNistp256 specified hash_algo <built-in function openssl_sha256>
DEB [20181106-15:49:34.393] thr=5   paramiko.transport: Switch to new keys ...
DEB [20181106-15:49:34.393] thr=2   paramiko.transport: Adding ssh-ed25519 host key for 43.4.112.155: b'ce43ccdf65b47743a1aa81a15b965b6d'
DEB [20181106-15:49:34.436] thr=5   paramiko.transport: userauth is OK
INF [20181106-15:49:34.464] thr=5   paramiko.transport: Authentication (password) successful!
DEB [20181106-15:49:34.465] thr=2   paramiko.transport: [chan 0] Max packet in: 32768 bytes
DEB [20181106-15:49:34.612] thr=5   paramiko.transport: Received global request "hostkeys-00@openssh.com"
DEB [20181106-15:49:34.612] thr=5   paramiko.transport: Rejecting "hostkeys-00@openssh.com" global request from server.
DEB [20181106-15:49:34.654] thr=5   paramiko.transport: [chan 0] Max packet out: 32768 bytes
DEB [20181106-15:49:34.654] thr=5   paramiko.transport: Secsh channel 0 opened.
DEB [20181106-15:49:34.658] thr=5   paramiko.transport: [chan 0] Sesch channel 0 request ok
DEB [20181106-15:49:34.658] thr=5   paramiko.transport: [chan 0] EOF received (0)
DEB [20181106-15:49:34.661] thr=5   paramiko.transport: EOF in transport thread
